2025-02-03 09:39:00 | WARN | repo=a4m36jee-2014 | action=pull
2025-04-28 14:56:00 | INFO | repo=a4m36jee-2014 | action=commit
2025-06-15 19:20:00 | WARN | repo=a4m36jee-2014 | action=pull
2025-07-15 10:06:00 | WARN | repo=a4m36jee-2014 | action=commit
2025-02-09 19:57:00 | DEBUG | repo=a4m36jee-2014 | action=pull
2025-04-02 15:10:00 | DEBUG | repo=a4m36jee-2014 | action=commit
2025-02-13 14:23:00 | DEBUG | repo=a4m36jee-2014 | action=commit
2025-02-02 21:03:00 | WARN | repo=a4m36jee-2014 | action=commit
2025-06-08 08:12:00 | INFO | repo=a4m36jee-2014 | action=commit
2025-05-26 08:31:00 | DEBUG | repo=a4m36jee-2014 | action=commit
2025-07-25 08:17:00 | INFO | repo=a4m36jee-2014 | action=commit
2025-06-17 07:52:00 | WARN | repo=a4m36jee-2014 | action=commit
2025-05-28 18:54:00 | WARN | repo=a4m36jee-2014 | action=commit
2025-10-08 18:49:00 | DEBUG | repo=a4m36jee-2014 | action=pull
2025-08-15 13:55:00 | DEBUG | repo=a4m36jee-2014 | action=commit
2025-08-13 18:30:00 | WARN | repo=a4m36jee-2014 | action=edit | files=1
2025-04-19 16:17:00 | INFO | repo=a4m36jee-2014 | action=commit
2025-08-14 07:24:00 | INFO | repo=a4m36jee-2014 | action=test | passed=true
2025-04-11 13:35:00 | DEBUG | repo=a4m36jee-2014 | action=commit
2025-12-17 15:49:00 | INFO | repo=a4m36jee-2014 | action=commit
2025-09-06 13:49:00 | INFO | repo=a4m36jee-2014 | action=commit
2025-12-13 17:21:00 | INFO | repo=a4m36jee-2014 | action=commit
2025-03-18 10:39:00 | INFO | repo=a4m36jee-2014 | action=edit | files=3
2025-07-27 14:32:00 | DEBUG | repo=a4m36jee-2014 | action=commit
2025-12-13 10:50:00 | DEBUG | repo=a4m36jee-2014 | action=commit
2025-12-13 10:05:00 | INFO | repo=a4m36jee-2014 | action=commit
2025-07-15 16:17:00 | WARN | repo=a4m36jee-2014 | action=commit
2025-03-17 19:28:00 | WARN | repo=a4m36jee-2014 | action=commit
2025-03-04 09:22:00 | DEBUG | repo=a4m36jee-2014 | action=commit
2025-08-27 20:09:00 | INFO | repo=a4m36jee-2014 | action=commit
2025-11-28 15:22:00 | INFO | repo=a4m36jee-2014 | action=commit
2025-10-26 20:04:00 | DEBUG | repo=a4m36jee-2014 | action=commit
2025-06-20 13:18:00 | WARN | repo=a4m36jee-2014 | action=commit
2025-01-11 09:10:00 | WARN | repo=a4m36jee-2014 | action=pull
2025-10-10 13:31:00 | WARN | repo=a4m36jee-2014 | action=commit
2025-10-02 17:00:00 | INFO | repo=a4m36jee-2014 | action=pull
2025-03-16 09:58:00 | INFO | repo=a4m36jee-2014 | action=commit
2025-07-16 07:06:00 | WARN | repo=a4m36jee-2014 | action=pull
2025-09-13 12:33:00 | DEBUG | repo=a4m36jee-2014 | action=commit
2025-10-15 07:33:00 | WARN | repo=a4m36jee-2014 | action=commit
2025-07-15 18:22:00 | INFO | repo=a4m36jee-2014 | action=pull
2025-12-05 13:52:00 | DEBUG | repo=a4m36jee-2014 | action=commit
2025-02-09 17:32:00 | DEBUG | repo=a4m36jee-2014 | action=edit | files=2
2025-09-16 09:09:00 | WARN | repo=a4m36jee-2014 | action=commit
